<?xml version="1.0" encoding="UTF-8"?>
<!-- Generated by org.testng.reporters.JUnitReportReporter -->
<testsuite hostname="DESKTOP-84TE32L" failures="0" tests="1" name="com.hrms.testcases.AddEmployeeFromXLFile" time="0.000" errors="0" timestamp="2020-01-25T11:13:08 CST" skipped="1">
  <testcase classname="com.hrms.testcases.AddEmployeeFromXLFile" name="AddEmployee" time="0.000">
    <skipped/>
  </testcase> <!-- AddEmployee -->
</testsuite> <!-- com.hrms.testcases.AddEmployeeFromXLFile -->
