<?xml version="1.0" encoding="UTF-8"?>
<!-- Generated by org.testng.reporters.JUnitReportReporter -->
<testsuite hostname="DESKTOP-84TE32L" failures="0" tests="2" name="com.testcases.LoginPageTest" time="15.505" errors="0" timestamp="2020-01-19T10:42:30 CST" skipped="0">
  <testcase classname="com.testcases.LoginPageTest" name="login" time="9.470"/>
  <testcase classname="com.testcases.LoginPageTest" name="negativeLogin" time="6.035"/>
</testsuite> <!-- com.testcases.LoginPageTest -->
