<?xml version="1.0" encoding="UTF-8"?>
<!-- Generated by org.testng.reporters.JUnitReportReporter -->
<testsuite hostname="DESKTOP-84TE32L" failures="0" tests="1" name="com.practice.TimeStamp" time="0.074" errors="0" timestamp="2020-01-25T12:21:46 CST" skipped="0">
  <testcase classname="com.practice.TimeStamp" name="getTime" time="0.074"/>
</testsuite> <!-- com.practice.TimeStamp -->
