<?xml version="1.0" encoding="UTF-8"?>
<!-- Generated by org.testng.reporters.JUnitReportReporter -->
<testsuite hostname="DESKTOP-84TE32L" failures="0" tests="2" name="com.hrms.testcases.LeaveListPageTest" time="63.862" errors="0" timestamp="2020-01-25T12:30:29 CST" skipped="0">
  <testcase classname="com.hrms.testcases.LeaveListPageTest" name="leaveLabelValidation1" time="33.555"/>
  <testcase classname="com.hrms.testcases.LeaveListPageTest" name="leaveLabelValidation" time="30.307"/>
</testsuite> <!-- com.hrms.testcases.LeaveListPageTest -->
