<?xml version="1.0" encoding="UTF-8"?>
<!-- Generated by org.testng.reporters.JUnitReportReporter -->
<testsuite hostname="DESKTOP-84TE32L" failures="0" tests="1" name="com.hrms.testcases.AddEmployeePageTest" time="24.014" errors="0" timestamp="2020-01-25T11:13:08 CST" skipped="0">
  <testcase classname="com.hrms.testcases.AddEmployeePageTest" name="addEmployeeValidation" time="24.014"/>
</testsuite> <!-- com.hrms.testcases.AddEmployeePageTest -->
