<?xml version="1.0" encoding="UTF-8"?>
<!-- Generated by org.testng.reporters.JUnitReportReporter -->
<testsuite hostname="DESKTOP-84TE32L" failures="0" tests="1" name="com.practice.ExcelWriting" time="0.808" errors="0" timestamp="2020-01-23T19:49:52 CST" skipped="0">
  <testcase classname="com.practice.ExcelWriting" name="write" time="0.808"/>
</testsuite> <!-- com.practice.ExcelWriting -->
