<?xml version="1.0" encoding="UTF-8"?>
<!-- Generated by org.testng.reporters.JUnitReportReporter -->
<testsuite hostname="DESKTOP-84TE32L" failures="0" tests="1" name="com.practice.XLReadPractice" time="0.447" errors="0" timestamp="2020-01-23T14:46:25 CST" skipped="0">
  <testcase classname="com.practice.XLReadPractice" name="read" time="0.447"/>
</testsuite> <!-- com.practice.XLReadPractice -->
