<?xml version="1.0" encoding="UTF-8"?>
<!-- Generated by org.testng.reporters.JUnitReportReporter -->
<testsuite hostname="DESKTOP-84TE32L" failures="0" tests="1" name="com.practice.XLReading" time="0.684" errors="0" timestamp="2020-01-22T12:04:04 CST" skipped="0">
  <testcase classname="com.practice.XLReading" name="read" time="0.684"/>
</testsuite> <!-- com.practice.XLReading -->
